#
# A fatal error has been detected by the Java Runtime Environment:
#
#  Internal Error (javaClasses.cpp:136), pid=1212, tid=4880
#  fatal error: Invalid layout of preloaded class
#
# JRE version:  (7.0_67-b01) (build )
# Java VM: Java HotSpot(TM) 64-Bit Server VM (24.65-b04 mixed mode windows-amd64 compressed oops)
# Failed to write core dump. Minidumps are not enabled by default on client versions of Windows
#
# If you would like to submit a bug report, please visit:
#   http://bugreport.sun.com/bugreport/crash.jsp
#

---------------  T H R E A D  ---------------

Current thread (0x000000000017e000):  JavaThread "Unknown thread" [_thread_in_vm, id=4880, stack(0x0000000002880000,0x0000000002980000)]

Stack: [0x0000000002880000,0x0000000002980000]
[error occurred during error reporting (printing stack bounds), id 0xc0000005]


---------------  P R O C E S S  ---------------

Java Threads: ( => current thread )

Other Threads:

=>0x000000000017e000 (exited) JavaThread "Unknown thread" [_thread_in_vm, id=4880, stack(0x0000000002880000,0x0000000002980000)]

VM state:not at safepoint (not fully initialized)

VM Mutex/Monitor currently owned by a thread: None

GC Heap History (0 events):
No events

Deoptimization events (0 events):
No events

Internal exceptions (0 events):
No events

Events (10 events):
Event: 0.093 loading class 0x0000000009ef0760 done
Event: 0.094 loading class 0x0000000009ef0180 done
Event: 0.094 loading class 0x0000000009ef0160
Event: 0.094 loading class 0x0000000009ef82c0
Event: 0.094 loading class 0x0000000009ef82c0 done
Event: 0.094 loading class 0x0000000009ef82f0
Event: 0.094 loading class 0x0000000009ef82f0 done
Event: 0.094 loading class 0x0000000009ef8320
Event: 0.094 loading class 0x0000000009ef8320 done
Event: 0.095 loading class 0x0000000009ef0160 done


Dynamic libraries:
0x000000013f7f0000 - 0x000000013f823000 	D:\adt-bundle-windows-x86_64-20140702\eclipse\bin\javaw.exe
0x0000000077750000 - 0x00000000778f9000 	C:\Windows\SYSTEM32\ntdll.dll
0x0000000077630000 - 0x000000007774f000 	C:\Windows\system32\kernel32.dll
0x000007fefda00000 - 0x000007fefda6b000 	C:\Windows\system32\KERNELBASE.dll
0x000007fefe810000 - 0x000007fefe8eb000 	C:\Windows\system32\ADVAPI32.dll
0x000007fefe720000 - 0x000007fefe7bf000 	C:\Windows\system32\msvcrt.dll
0x000007fefebd0000 - 0x000007fefebef000 	C:\Windows\SYSTEM32\sechost.dll
0x000007fefe100000 - 0x000007fefe22d000 	C:\Windows\system32\RPCRT4.dll
0x0000000077530000 - 0x000000007762a000 	C:\Windows\system32\USER32.dll
0x000007fefe2d0000 - 0x000007fefe337000 	C:\Windows\system32\GDI32.dll
0x000007fefdf00000 - 0x000007fefdf0e000 	C:\Windows\system32\LPK.dll
0x000007feff980000 - 0x000007feffa49000 	C:\Windows\system32\USP10.dll
0x000007fefc0e0000 - 0x000007fefc2d4000 	C:\Windows\WinSxS\amd64_microsoft.windows.common-controls_6595b64144ccf1df_6.0.7601.17514_none_fa396087175ac9ac\COMCTL32.dll
0x000007fefdc70000 - 0x000007fefdce1000 	C:\Windows\system32\SHLWAPI.dll
0x000007fefeb00000 - 0x000007fefeb2e000 	C:\Windows\system32\IMM32.DLL
0x000007fefdf10000 - 0x000007fefe019000 	C:\Windows\system32\MSCTF.dll
0x000007fefd660000 - 0x000007fefd6a0000 	C:\Windows\system32\nvinitx.dll
0x000000000f000000 - 0x000000000f006000 	C:\Program Files\NVIDIA Corporation\CoProcManager\_etoured.dll
0x000007fefab70000 - 0x000007fefabc4000 	C:\Program Files\NVIDIA Corporation\CoProcManager\nvd3d9wrapx.dll
0x000007fefda70000 - 0x000007fefdc47000 	C:\Windows\system32\SETUPAPI.dll
0x000007fefd850000 - 0x000007fefd886000 	C:\Windows\system32\CFGMGR32.dll
0x000007fefea20000 - 0x000007fefeaf7000 	C:\Windows\system32\OLEAUT32.dll
0x000007fefdcf0000 - 0x000007fefdef3000 	C:\Windows\system32\ole32.dll
0x000007fefd7f0000 - 0x000007fefd80a000 	C:\Windows\system32\DEVOBJ.dll
0x000007fefab20000 - 0x000007fefab63000 	C:\Program Files\NVIDIA Corporation\CoProcManager\nvdxgiwrapx.dll
0x00000000697e0000 - 0x00000000698b2000 	D:\adt-bundle-windows-x86_64-20140702\eclipse\bin\msvcr100.dll
0x0000000066630000 - 0x0000000066e02000 	D:\adt-bundle-windows-x86_64-20140702\eclipse\bin\server\jvm.dll
0x000007fef2a20000 - 0x000007fef2a29000 	C:\Windows\system32\WSOCK32.dll
0x000007fefe7c0000 - 0x000007fefe80d000 	C:\Windows\system32\WS2_32.dll
0x000007feffa50000 - 0x000007feffa58000 	C:\Windows\system32\NSI.dll
0x000007fefaae0000 - 0x000007fefab1b000 	C:\Windows\system32\WINMM.dll
0x0000000077910000 - 0x0000000077917000 	C:\Windows\system32\PSAPI.DLL
0x000000006c400000 - 0x000000006c40f000 	D:\adt-bundle-windows-x86_64-20140702\eclipse\bin\verify.dll
0x00000000697b0000 - 0x00000000697d8000 	D:\adt-bundle-windows-x86_64-20140702\eclipse\bin\java.dll
0x0000000069790000 - 0x00000000697a5000 	D:\adt-bundle-windows-x86_64-20140702\eclipse\bin\zip.dll

VM Arguments:
jvm_args: -Dfile.encoding=Cp1252 -Xbootclasspath:D:\adt-bundle-windows-x86_64-20140702\sdk\platforms\android-20\android.jar 
java_command: com.example.cloudpress.EncryptFile
Launcher Type: SUN_STANDARD

Environment Variables:
PATH=D:/adt-bundle-windows-x86_64-20140702/eclipse/jre/bin/server;D:/adt-bundle-windows-x86_64-20140702/eclipse/jre/bin;D:/adt-bundle-windows-x86_64-20140702/eclipse/jre/lib/amd64;C:\Windows\system32;C:\Windows;C:\Windows\System32\Wbem;C:\Windows\System32\WindowsPowerShell\v1.0\;C:\Program Files (x86)\Windows Kits\8.1\Windows Performance Toolkit\;C:\Program Files\Microsoft SQL Server\110\Tools\Binn\;D:\adt-bundle-windows-x86_64-20140702\eclipse;
USERNAME=user
OS=Windows_NT
PROCESSOR_IDENTIFIER=Intel64 Family 6 Model 42 Stepping 7, GenuineIntel



---------------  S Y S T E M  ---------------

OS: Windows 7 , 64 bit Build 7601 Service Pack 1

CPU:total 8 (4 cores per cpu, 2 threads per core) family 6 model 42 stepping 7, cmov, cx8, fxsr, mmx, sse, sse2, sse3, ssse3, sse4.1, sse4.2, popcnt, avx, aes, ht, tsc, tscinvbit

Memory: 4k page, physical 6183084k(3393696k free), swap 12364324k(8903660k free)

vm_info: Java HotSpot(TM) 64-Bit Server VM (24.65-b04) for windows-amd64 JRE (1.7.0_67-b01), built on Jul 25 2014 08:55:00 by "java_re" with unknown MS VC++:1600

time: Sun Sep 28 21:24:38 2014
elapsed time: 0 seconds

